{"name": "test_a4", "status": "failed", "statusDetails": {"message": "AssertionError: assert 1 == 2", "trace": "self = <ke21.test_case1.TestCase1 object at 0x0000028EA816F978>\n\n    @allure.severity(\"critical\")\n    def test_a4(self):\n        print(\"2222222222222\")\n>       assert 1 == 2\nE       assert 1 == 2\n\nke21\\test_case1.py:28: AssertionError"}, "attachments": [{"name": "stdout", "source": "2bacbb78-26de-44f0-8944-224c17be3769-attachment.txt", "type": "text/plain"}], "start": 1659146401605, "stop": 1659146401605, "uuid": "d6f15056-8ac9-4070-b2f3-53efa7ef5c0f", "historyId": "c44669749b6c79ea7b5683723ae4c4df", "testCaseId": "7106e3bda248994e0d7282fedc2d9b54", "fullName": "ke21.test_case1.TestCase1#test_a4", "labels": [{"name": "feature", "value": "添加商品"}, {"name": "severity", "value": "critical"}, {"name": "parentSuite", "value": "ke21"}, {"name": "suite", "value": "test_case1"}, {"name": "subSuite", "value": "TestCase1"}, {"name": "host", "value": "DESKTOP-7DB67S3"}, {"name": "thread", "value": "21996-MainThread"}, {"name": "framework", "value": "pytest"}, {"name": "language", "value": "cpython3"}, {"name": "package", "value": "ke21.test_case1"}]}